<?xml version="1.0" encoding="UTF-8"?>
<testng-results ignored="0" total="0" passed="0" failed="0" skipped="0">
  <reporter-output>
  </reporter-output>
  <suite started-at="2022-11-15T00:06:42 EET" name="Default suite" finished-at="2022-11-15T00:06:51 EET" duration-ms="9637">
    <groups>
    </groups>
    <test started-at="2022-11-15T00:06:42 EET" name="Default test" finished-at="2022-11-15T00:06:51 EET" duration-ms="9637">
      <class name="test.A">
        <test-method is-config="true" signature="login()[pri:0, instance:test.A@747ddf94]" started-at="2022-11-15T00:06:42 EET" name="login" finished-at="2022-11-15T00:06:51 EET" duration-ms="9596" status="PASS">
          <reporter-output>
          </reporter-output>
        </test-method> <!-- login -->
      </class> <!-- test.A -->
    </test> <!-- Default test -->
  </suite> <!-- Default suite -->
</testng-results>
